[2025-10-05 01:57:20,210] {taskinstance.py:1159} INFO - Dependencies all met for <TaskInstance: manga_prediction_pipeline.data_ingestion manual__2025-10-05T01:56:30.580025+00:00 [queued]>
[2025-10-05 01:57:20,214] {taskinstance.py:1159} INFO - Dependencies all met for <TaskInstance: manga_prediction_pipeline.data_ingestion manual__2025-10-05T01:56:30.580025+00:00 [queued]>
[2025-10-05 01:57:20,214] {taskinstance.py:1356} INFO - 
--------------------------------------------------------------------------------
[2025-10-05 01:57:20,214] {taskinstance.py:1357} INFO - Starting attempt 2 of 1
[2025-10-05 01:57:20,214] {taskinstance.py:1358} INFO - 
--------------------------------------------------------------------------------
[2025-10-05 01:57:20,225] {taskinstance.py:1377} INFO - Executing <Task(PythonOperator): data_ingestion> on 2025-10-05 01:56:30.580025+00:00
[2025-10-05 01:57:20,229] {standard_task_runner.py:52} INFO - Started process 180 to run task
[2025-10-05 01:57:20,231] {standard_task_runner.py:79} INFO - Running: ['***', 'tasks', 'run', 'manga_prediction_pipeline', 'data_ingestion', 'manual__2025-10-05T01:56:30.580025+00:00', '--job-id', '930', '--raw', '--subdir', 'DAGS_FOLDER/manga_prediction_pipeline.py', '--cfg-path', '/tmp/tmp5qwnnym1', '--error-file', '/tmp/tmp7aaa4orl']
[2025-10-05 01:57:20,232] {standard_task_runner.py:80} INFO - Job 930: Subtask data_ingestion
[2025-10-05 01:57:20,263] {task_command.py:370} INFO - Running <TaskInstance: manga_prediction_pipeline.data_ingestion manual__2025-10-05T01:56:30.580025+00:00 [running]> on host c93e58329bcf
[2025-10-05 01:57:20,301] {taskinstance.py:1571} INFO - Exporting the following env vars:
AIRFLOW_CTX_DAG_OWNER=***
AIRFLOW_CTX_DAG_ID=manga_prediction_pipeline
AIRFLOW_CTX_TASK_ID=data_ingestion
AIRFLOW_CTX_EXECUTION_DATE=2025-10-05T01:56:30.580025+00:00
AIRFLOW_CTX_TRY_NUMBER=2
AIRFLOW_CTX_DAG_RUN_ID=manual__2025-10-05T01:56:30.580025+00:00
[2025-10-05 01:57:20,301] {logging_mixin.py:115} INFO - Reading data from /opt/***/data/manga.csv
[2025-10-05 01:57:20,818] {logging_mixin.py:115} INFO - Data read successfully. Shape: (66371, 26)
[2025-10-05 01:57:20,818] {logging_mixin.py:115} INFO - Attempting to connect to MariaDB at mariadb:3306/manga_db
[2025-10-05 01:57:20,932] {authentication.py:66} INFO - package: mysql.connector.plugins
[2025-10-05 01:57:20,933] {authentication.py:67} INFO - plugin_name: mysql_native_password
[2025-10-05 01:57:20,934] {authentication.py:71} INFO - AUTHENTICATION_PLUGIN_CLASS: MySQLNativePasswordAuthPlugin
[2025-10-05 01:57:20,945] {logging_mixin.py:115} INFO - Successfully connected to MariaDB.
[2025-10-05 01:57:20,945] {logging_mixin.py:115} INFO - Inserting into dim_manga_info...
[2025-10-05 01:57:50,604] {logging_mixin.py:115} INFO - dim_manga_info populated.
[2025-10-05 01:57:50,922] {logging_mixin.py:115} INFO - Inserting into dim_genres...
[2025-10-05 01:57:51,139] {logging_mixin.py:115} INFO - dim_genres populated.
[2025-10-05 01:57:51,143] {logging_mixin.py:115} INFO - Inserting into dim_authors...
[2025-10-05 01:57:51,237] {logging_mixin.py:115} INFO - dim_authors populated.
[2025-10-05 01:57:51,239] {logging_mixin.py:115} INFO - Inserting into dim_demographics...
[2025-10-05 01:57:51,368] {logging_mixin.py:115} INFO - dim_demographics populated.
[2025-10-05 01:57:51,370] {logging_mixin.py:115} INFO - Inserting into dim_serializations...
[2025-10-05 01:57:51,462] {logging_mixin.py:115} INFO - dim_serializations populated.
[2025-10-05 01:57:51,463] {logging_mixin.py:115} INFO - Inserting into fact_manga...
[2025-10-05 01:58:00,674] {taskinstance.py:1889} ERROR - Task failed with exception
Traceback (most recent call last):
  File "/home/airflow/.local/lib/python3.7/site-packages/sqlalchemy/engine/base.py", line 1706, in _execute_context
    cursor, statement, parameters, context
  File "/home/airflow/.local/lib/python3.7/site-packages/sqlalchemy/engine/default.py", line 716, in do_execute
    cursor.execute(statement, parameters)
  File "/home/airflow/.local/lib/python3.7/site-packages/mysql/connector/cursor.py", line 615, in execute
    self._handle_result(self._connection.cmd_query(stmt))
  File "/home/airflow/.local/lib/python3.7/site-packages/mysql/connector/connection.py", line 1046, in cmd_query
    result = self._handle_result(self._send_cmd(ServerCmd.QUERY, query))
  File "/home/airflow/.local/lib/python3.7/site-packages/mysql/connector/connection.py", line 824, in _handle_result
    raise get_exception(packet)
mysql.connector.errors.ProgrammingError: 1146 (42S02): Table 'manga_db.fact_manga' doesn't exist

The above exception was the direct cause of the following exception:

Traceback (most recent call last):
  File "/home/airflow/.local/lib/python3.7/site-packages/airflow/operators/python.py", line 171, in execute
    return_value = self.execute_callable()
  File "/home/airflow/.local/lib/python3.7/site-packages/airflow/operators/python.py", line 189, in execute_callable
    return self.python_callable(*self.op_args, **self.op_kwargs)
  File "/opt/airflow/src/data_ingestion.py", line 199, in ingest_data
    'primary_serialization_id': primary_serialization_id
  File "/home/airflow/.local/lib/python3.7/site-packages/sqlalchemy/engine/base.py", line 1200, in execute
    return meth(self, multiparams, params, _EMPTY_EXECUTION_OPTS)
  File "/home/airflow/.local/lib/python3.7/site-packages/sqlalchemy/sql/elements.py", line 314, in _execute_on_connection
    self, multiparams, params, execution_options
  File "/home/airflow/.local/lib/python3.7/site-packages/sqlalchemy/engine/base.py", line 1399, in _execute_clauseelement
    cache_hit=cache_hit,
  File "/home/airflow/.local/lib/python3.7/site-packages/sqlalchemy/engine/base.py", line 1749, in _execute_context
    e, statement, parameters, cursor, context
  File "/home/airflow/.local/lib/python3.7/site-packages/sqlalchemy/engine/base.py", line 1930, in _handle_dbapi_exception
    sqlalchemy_exception, with_traceback=exc_info[2], from_=e
  File "/home/airflow/.local/lib/python3.7/site-packages/sqlalchemy/util/compat.py", line 211, in raise_
    raise exception
  File "/home/airflow/.local/lib/python3.7/site-packages/sqlalchemy/engine/base.py", line 1706, in _execute_context
    cursor, statement, parameters, context
  File "/home/airflow/.local/lib/python3.7/site-packages/sqlalchemy/engine/default.py", line 716, in do_execute
    cursor.execute(statement, parameters)
  File "/home/airflow/.local/lib/python3.7/site-packages/mysql/connector/cursor.py", line 615, in execute
    self._handle_result(self._connection.cmd_query(stmt))
  File "/home/airflow/.local/lib/python3.7/site-packages/mysql/connector/connection.py", line 1046, in cmd_query
    result = self._handle_result(self._send_cmd(ServerCmd.QUERY, query))
  File "/home/airflow/.local/lib/python3.7/site-packages/mysql/connector/connection.py", line 824, in _handle_result
    raise get_exception(packet)
sqlalchemy.exc.ProgrammingError: (mysql.connector.errors.ProgrammingError) 1146 (42S02): Table 'manga_db.fact_manga' doesn't exist
[SQL: 
                INSERT INTO fact_manga (manga_info_id, score, scored_by, rank_val, popularity,
                                        members, favorites, volumes, chapters,
                                        primary_genre_id, primary_author_id,
                                        primary_demographic_id, primary_serialization_id)
                VALUES (%(manga_info_id)s, %(score)s, %(scored_by)s, %(rank_val)s, %(popularity)s,
                        %(members)s, %(favorites)s, %(volumes)s, %(chapters)s,
                        %(primary_genre_id)s, %(primary_author_id)s,
                        %(primary_demographic_id)s, %(primary_serialization_id)s);
            ]
[parameters: {'manga_info_id': 21411, 'score': 6.0, 'scored_by': 153.0, 'rank_val': None, 'popularity': None, 'members': 301, 'favorites': 0, 'volumes': nan, 'chapters': 1.0, 'primary_genre_id': None, 'primary_author_id': None, 'primary_demographic_id': None, 'primary_serialization_id': None}]
(Background on this error at: http://sqlalche.me/e/14/f405)
[2025-10-05 01:58:00,683] {taskinstance.py:1400} INFO - Marking task as FAILED. dag_id=manga_prediction_pipeline, task_id=data_ingestion, execution_date=20251005T015630, start_date=20251005T015720, end_date=20251005T015800
[2025-10-05 01:58:00,690] {standard_task_runner.py:97} ERROR - Failed to execute job 930 for task data_ingestion ((mysql.connector.errors.ProgrammingError) 1146 (42S02): Table 'manga_db.fact_manga' doesn't exist
[SQL: 
                INSERT INTO fact_manga (manga_info_id, score, scored_by, rank_val, popularity,
                                        members, favorites, volumes, chapters,
                                        primary_genre_id, primary_author_id,
                                        primary_demographic_id, primary_serialization_id)
                VALUES (%(manga_info_id)s, %(score)s, %(scored_by)s, %(rank_val)s, %(popularity)s,
                        %(members)s, %(favorites)s, %(volumes)s, %(chapters)s,
                        %(primary_genre_id)s, %(primary_author_id)s,
                        %(primary_demographic_id)s, %(primary_serialization_id)s);
            ]
[parameters: {'manga_info_id': 21411, 'score': 6.0, 'scored_by': 153.0, 'rank_val': None, 'popularity': None, 'members': 301, 'favorites': 0, 'volumes': nan, 'chapters': 1.0, 'primary_genre_id': None, 'primary_author_id': None, 'primary_demographic_id': None, 'primary_serialization_id': None}]
(Background on this error at: http://sqlalche.me/e/14/f405); 180)
[2025-10-05 01:58:00,711] {local_task_job.py:156} INFO - Task exited with return code 1
[2025-10-05 01:58:00,738] {local_task_job.py:273} INFO - 0 downstream tasks scheduled from follow-on schedule check
