[2025-09-25 01:32:16,811] {taskinstance.py:1159} INFO - Dependencies all met for <TaskInstance: manga_prediction_pipeline.model_training manual__2025-09-25T01:32:11.681171+00:00 [queued]>
[2025-09-25 01:32:16,814] {taskinstance.py:1159} INFO - Dependencies all met for <TaskInstance: manga_prediction_pipeline.model_training manual__2025-09-25T01:32:11.681171+00:00 [queued]>
[2025-09-25 01:32:16,814] {taskinstance.py:1356} INFO - 
--------------------------------------------------------------------------------
[2025-09-25 01:32:16,815] {taskinstance.py:1357} INFO - Starting attempt 1 of 1
[2025-09-25 01:32:16,815] {taskinstance.py:1358} INFO - 
--------------------------------------------------------------------------------
[2025-09-25 01:32:16,819] {taskinstance.py:1377} INFO - Executing <Task(PythonOperator): model_training> on 2025-09-25 01:32:11.681171+00:00
[2025-09-25 01:32:16,821] {standard_task_runner.py:52} INFO - Started process 829 to run task
[2025-09-25 01:32:16,822] {standard_task_runner.py:79} INFO - Running: ['***', 'tasks', 'run', 'manga_prediction_pipeline', 'model_training', 'manual__2025-09-25T01:32:11.681171+00:00', '--job-id', '43', '--raw', '--subdir', 'DAGS_FOLDER/manga_prediction_pipeline.py', '--cfg-path', '/tmp/tmp0q_fzmou', '--error-file', '/tmp/tmp6c8a3sp_']
[2025-09-25 01:32:16,822] {standard_task_runner.py:80} INFO - Job 43: Subtask model_training
[2025-09-25 01:32:16,840] {task_command.py:370} INFO - Running <TaskInstance: manga_prediction_pipeline.model_training manual__2025-09-25T01:32:11.681171+00:00 [running]> on host 50bd396892d5
[2025-09-25 01:32:16,861] {taskinstance.py:1571} INFO - Exporting the following env vars:
AIRFLOW_CTX_DAG_OWNER=***
AIRFLOW_CTX_DAG_ID=manga_prediction_pipeline
AIRFLOW_CTX_TASK_ID=model_training
AIRFLOW_CTX_EXECUTION_DATE=2025-09-25T01:32:11.681171+00:00
AIRFLOW_CTX_TRY_NUMBER=1
AIRFLOW_CTX_DAG_RUN_ID=manual__2025-09-25T01:32:11.681171+00:00
[2025-09-25 01:32:16,862] {taskinstance.py:1889} ERROR - Task failed with exception
Traceback (most recent call last):
  File "/home/airflow/.local/lib/python3.7/site-packages/airflow/operators/python.py", line 171, in execute
    return_value = self.execute_callable()
  File "/home/airflow/.local/lib/python3.7/site-packages/airflow/operators/python.py", line 189, in execute_callable
    return self.python_callable(*self.op_args, **self.op_kwargs)
  File "/opt/airflow/dags/manga_prediction_pipeline.py", line 21, in _model_training
    import mlflow
ModuleNotFoundError: No module named 'mlflow'
[2025-09-25 01:32:16,864] {taskinstance.py:1400} INFO - Marking task as FAILED. dag_id=manga_prediction_pipeline, task_id=model_training, execution_date=20250925T013211, start_date=20250925T013216, end_date=20250925T013216
[2025-09-25 01:32:16,867] {standard_task_runner.py:97} ERROR - Failed to execute job 43 for task model_training (No module named 'mlflow'; 829)
[2025-09-25 01:32:16,879] {local_task_job.py:156} INFO - Task exited with return code 1
[2025-09-25 01:32:16,893] {local_task_job.py:273} INFO - 0 downstream tasks scheduled from follow-on schedule check
