[2025-09-25 10:31:50,772] {taskinstance.py:1159} INFO - Dependencies all met for <TaskInstance: manga_prediction_pipeline.data_ingestion manual__2025-09-25T10:31:47+00:00 [queued]>
[2025-09-25 10:31:50,775] {taskinstance.py:1159} INFO - Dependencies all met for <TaskInstance: manga_prediction_pipeline.data_ingestion manual__2025-09-25T10:31:47+00:00 [queued]>
[2025-09-25 10:31:50,775] {taskinstance.py:1356} INFO - 
--------------------------------------------------------------------------------
[2025-09-25 10:31:50,775] {taskinstance.py:1357} INFO - Starting attempt 1 of 1
[2025-09-25 10:31:50,775] {taskinstance.py:1358} INFO - 
--------------------------------------------------------------------------------
[2025-09-25 10:31:50,779] {taskinstance.py:1377} INFO - Executing <Task(PythonOperator): data_ingestion> on 2025-09-25 10:31:47+00:00
[2025-09-25 10:31:50,781] {standard_task_runner.py:52} INFO - Started process 483 to run task
[2025-09-25 10:31:50,782] {standard_task_runner.py:79} INFO - Running: ['***', 'tasks', 'run', 'manga_prediction_pipeline', 'data_ingestion', 'manual__2025-09-25T10:31:47+00:00', '--job-id', '259', '--raw', '--subdir', 'DAGS_FOLDER/manga_prediction_pipeline.py', '--cfg-path', '/tmp/tmp0wrmmb8c', '--error-file', '/tmp/tmp1pn98oca']
[2025-09-25 10:31:50,783] {standard_task_runner.py:80} INFO - Job 259: Subtask data_ingestion
[2025-09-25 10:31:50,799] {task_command.py:370} INFO - Running <TaskInstance: manga_prediction_pipeline.data_ingestion manual__2025-09-25T10:31:47+00:00 [running]> on host 19d9b7ffabd0
[2025-09-25 10:31:50,823] {taskinstance.py:1571} INFO - Exporting the following env vars:
AIRFLOW_CTX_DAG_OWNER=***
AIRFLOW_CTX_DAG_ID=manga_prediction_pipeline
AIRFLOW_CTX_TASK_ID=data_ingestion
AIRFLOW_CTX_EXECUTION_DATE=2025-09-25T10:31:47+00:00
AIRFLOW_CTX_TRY_NUMBER=1
AIRFLOW_CTX_DAG_RUN_ID=manual__2025-09-25T10:31:47+00:00
[2025-09-25 10:31:50,823] {logging_mixin.py:115} INFO - Reading data from /opt/***/data/manga.csv
[2025-09-25 10:31:51,165] {logging_mixin.py:115} INFO - Data read successfully. Shape: (66371, 26)
[2025-09-25 10:31:51,165] {logging_mixin.py:115} INFO - Attempting to connect to MariaDB at mariadb:3306/manga_db
[2025-09-25 10:31:51,188] {authentication.py:66} INFO - package: mysql.connector.plugins
[2025-09-25 10:31:51,188] {authentication.py:67} INFO - plugin_name: mysql_native_password
[2025-09-25 10:31:51,189] {authentication.py:71} INFO - AUTHENTICATION_PLUGIN_CLASS: MySQLNativePasswordAuthPlugin
[2025-09-25 10:31:51,192] {logging_mixin.py:115} INFO - Successfully connected to MariaDB.
[2025-09-25 10:31:51,192] {logging_mixin.py:115} INFO - Inserting into dim_manga_info...
[2025-09-25 10:32:17,957] {logging_mixin.py:115} INFO - dim_manga_info populated.
[2025-09-25 10:32:18,192] {logging_mixin.py:115} INFO - Inserting into dim_genres...
[2025-09-25 10:32:18,344] {taskinstance.py:1889} ERROR - Task failed with exception
Traceback (most recent call last):
  File "/home/airflow/.local/lib/python3.7/site-packages/mysql/connector/cursor.py", line 445, in _process_params_dict
    conv = to_mysql(conv)
  File "/home/airflow/.local/lib/python3.7/site-packages/mysql/connector/conversion.py", line 232, in to_mysql
    ) from None
TypeError: Python 'float64' cannot be converted to a MySQL type

The above exception was the direct cause of the following exception:

Traceback (most recent call last):
  File "/home/airflow/.local/lib/python3.7/site-packages/sqlalchemy/engine/base.py", line 1706, in _execute_context
    cursor, statement, parameters, context
  File "/home/airflow/.local/lib/python3.7/site-packages/sqlalchemy/engine/default.py", line 716, in do_execute
    cursor.execute(statement, parameters)
  File "/home/airflow/.local/lib/python3.7/site-packages/mysql/connector/cursor.py", line 595, in execute
    stmt = _bytestr_format_dict(stmt, self._process_params_dict(params))
  File "/home/airflow/.local/lib/python3.7/site-packages/mysql/connector/cursor.py", line 453, in _process_params_dict
    ) from err
mysql.connector.errors.ProgrammingError: Failed processing pyformat-parameters; Python 'float64' cannot be converted to a MySQL type

The above exception was the direct cause of the following exception:

Traceback (most recent call last):
  File "/home/airflow/.local/lib/python3.7/site-packages/airflow/operators/python.py", line 171, in execute
    return_value = self.execute_callable()
  File "/home/airflow/.local/lib/python3.7/site-packages/airflow/operators/python.py", line 189, in execute_callable
    return self.python_callable(*self.op_args, **self.op_kwargs)
  File "/opt/airflow/src/data_ingestion.py", line 101, in ingest_data
    connection.execute(insert_stmt, {'genre_name': genre_name})
  File "/home/airflow/.local/lib/python3.7/site-packages/sqlalchemy/engine/base.py", line 1200, in execute
    return meth(self, multiparams, params, _EMPTY_EXECUTION_OPTS)
  File "/home/airflow/.local/lib/python3.7/site-packages/sqlalchemy/sql/elements.py", line 314, in _execute_on_connection
    self, multiparams, params, execution_options
  File "/home/airflow/.local/lib/python3.7/site-packages/sqlalchemy/engine/base.py", line 1399, in _execute_clauseelement
    cache_hit=cache_hit,
  File "/home/airflow/.local/lib/python3.7/site-packages/sqlalchemy/engine/base.py", line 1749, in _execute_context
    e, statement, parameters, cursor, context
  File "/home/airflow/.local/lib/python3.7/site-packages/sqlalchemy/engine/base.py", line 1930, in _handle_dbapi_exception
    sqlalchemy_exception, with_traceback=exc_info[2], from_=e
  File "/home/airflow/.local/lib/python3.7/site-packages/sqlalchemy/util/compat.py", line 211, in raise_
    raise exception
  File "/home/airflow/.local/lib/python3.7/site-packages/sqlalchemy/engine/base.py", line 1706, in _execute_context
    cursor, statement, parameters, context
  File "/home/airflow/.local/lib/python3.7/site-packages/sqlalchemy/engine/default.py", line 716, in do_execute
    cursor.execute(statement, parameters)
  File "/home/airflow/.local/lib/python3.7/site-packages/mysql/connector/cursor.py", line 595, in execute
    stmt = _bytestr_format_dict(stmt, self._process_params_dict(params))
  File "/home/airflow/.local/lib/python3.7/site-packages/mysql/connector/cursor.py", line 453, in _process_params_dict
    ) from err
sqlalchemy.exc.ProgrammingError: (mysql.connector.errors.ProgrammingError) Failed processing pyformat-parameters; Python 'float64' cannot be converted to a MySQL type
[SQL: INSERT IGNORE INTO dim_genres (genre_name) VALUES (%(genre_name)s)]
[parameters: {'genre_name': nan}]
(Background on this error at: http://sqlalche.me/e/14/f405)
[2025-09-25 10:32:18,351] {taskinstance.py:1400} INFO - Marking task as FAILED. dag_id=manga_prediction_pipeline, task_id=data_ingestion, execution_date=20250925T103147, start_date=20250925T103150, end_date=20250925T103218
[2025-09-25 10:32:18,355] {standard_task_runner.py:97} ERROR - Failed to execute job 259 for task data_ingestion ((mysql.connector.errors.ProgrammingError) Failed processing pyformat-parameters; Python 'float64' cannot be converted to a MySQL type
[SQL: INSERT IGNORE INTO dim_genres (genre_name) VALUES (%(genre_name)s)]
[parameters: {'genre_name': nan}]
(Background on this error at: http://sqlalche.me/e/14/f405); 483)
[2025-09-25 10:32:18,373] {local_task_job.py:156} INFO - Task exited with return code 1
[2025-09-25 10:32:18,391] {local_task_job.py:273} INFO - 0 downstream tasks scheduled from follow-on schedule check
