[2025-10-01 18:46:56,331] {taskinstance.py:1159} INFO - Dependencies all met for <TaskInstance: manga_prediction_pipeline.data_validation manual__2025-10-01T18:45:50.547135+00:00 [queued]>
[2025-10-01 18:46:56,333] {taskinstance.py:1159} INFO - Dependencies all met for <TaskInstance: manga_prediction_pipeline.data_validation manual__2025-10-01T18:45:50.547135+00:00 [queued]>
[2025-10-01 18:46:56,334] {taskinstance.py:1356} INFO - 
--------------------------------------------------------------------------------
[2025-10-01 18:46:56,334] {taskinstance.py:1357} INFO - Starting attempt 1 of 1
[2025-10-01 18:46:56,334] {taskinstance.py:1358} INFO - 
--------------------------------------------------------------------------------
[2025-10-01 18:46:56,338] {taskinstance.py:1377} INFO - Executing <Task(PythonOperator): data_validation> on 2025-10-01 18:45:50.547135+00:00
[2025-10-01 18:46:56,341] {standard_task_runner.py:52} INFO - Started process 241 to run task
[2025-10-01 18:46:56,343] {standard_task_runner.py:79} INFO - Running: ['***', 'tasks', 'run', 'manga_prediction_pipeline', 'data_validation', 'manual__2025-10-01T18:45:50.547135+00:00', '--job-id', '432', '--raw', '--subdir', 'DAGS_FOLDER/manga_prediction_pipeline.py', '--cfg-path', '/tmp/tmpuglu98c_', '--error-file', '/tmp/tmp2e4i_vnv']
[2025-10-01 18:46:56,343] {standard_task_runner.py:80} INFO - Job 432: Subtask data_validation
[2025-10-01 18:46:56,363] {task_command.py:370} INFO - Running <TaskInstance: manga_prediction_pipeline.data_validation manual__2025-10-01T18:45:50.547135+00:00 [running]> on host 475f6409a430
[2025-10-01 18:46:56,388] {taskinstance.py:1571} INFO - Exporting the following env vars:
AIRFLOW_CTX_DAG_OWNER=***
AIRFLOW_CTX_DAG_ID=manga_prediction_pipeline
AIRFLOW_CTX_TASK_ID=data_validation
AIRFLOW_CTX_EXECUTION_DATE=2025-10-01T18:45:50.547135+00:00
AIRFLOW_CTX_TRY_NUMBER=1
AIRFLOW_CTX_DAG_RUN_ID=manual__2025-10-01T18:45:50.547135+00:00
[2025-10-01 18:46:56,406] {data_validation.py:231} ERROR - MariaDB error: 2003: Can't connect to MySQL server on '127.0.0.1:3306' (111 Connection refused)
[2025-10-01 18:46:56,406] {taskinstance.py:1889} ERROR - Task failed with exception
Traceback (most recent call last):
  File "/home/airflow/.local/lib/python3.7/site-packages/mysql/connector/network.py", line 600, in open_connection
    self.sock.connect(sockaddr)
ConnectionRefusedError: [Errno 111] Connection refused

The above exception was the direct cause of the following exception:

Traceback (most recent call last):
  File "/home/airflow/.local/lib/python3.7/site-packages/airflow/operators/python.py", line 171, in execute
    return_value = self.execute_callable()
  File "/home/airflow/.local/lib/python3.7/site-packages/airflow/operators/python.py", line 189, in execute_callable
    return self.python_callable(*self.op_args, **self.op_kwargs)
  File "/opt/airflow/dags/manga_prediction_pipeline.py", line 37, in _validate_processed_data
    validate_data(table_name='manga_processed')
  File "/opt/airflow/src/data_validation.py", line 34, in validate_data
    database=DB_NAME
  File "/home/airflow/.local/lib/python3.7/site-packages/mysql/connector/pooling.py", line 294, in connect
    return MySQLConnection(*args, **kwargs)
  File "/home/airflow/.local/lib/python3.7/site-packages/mysql/connector/connection.py", line 164, in __init__
    self.connect(**kwargs)
  File "/home/airflow/.local/lib/python3.7/site-packages/mysql/connector/abstracts.py", line 1181, in connect
    self._open_connection()
  File "/home/airflow/.local/lib/python3.7/site-packages/mysql/connector/connection.py", line 570, in _open_connection
    self._socket.open_connection()
  File "/home/airflow/.local/lib/python3.7/site-packages/mysql/connector/network.py", line 609, in open_connection
    ) from err
mysql.connector.errors.InterfaceError: 2003: Can't connect to MySQL server on '127.0.0.1:3306' (111 Connection refused)
[2025-10-01 18:46:56,412] {taskinstance.py:1400} INFO - Marking task as FAILED. dag_id=manga_prediction_pipeline, task_id=data_validation, execution_date=20251001T184550, start_date=20251001T184656, end_date=20251001T184656
[2025-10-01 18:46:56,418] {standard_task_runner.py:97} ERROR - Failed to execute job 432 for task data_validation (2003: Can't connect to MySQL server on '127.0.0.1:3306' (111 Connection refused); 241)
[2025-10-01 18:46:56,440] {local_task_job.py:156} INFO - Task exited with return code 1
[2025-10-01 18:46:56,455] {local_task_job.py:273} INFO - 0 downstream tasks scheduled from follow-on schedule check
