[2025-10-01 18:52:39,951] {taskinstance.py:1159} INFO - Dependencies all met for <TaskInstance: manga_prediction_pipeline.data_validation manual__2025-10-01T18:51:34.175077+00:00 [queued]>
[2025-10-01 18:52:39,954] {taskinstance.py:1159} INFO - Dependencies all met for <TaskInstance: manga_prediction_pipeline.data_validation manual__2025-10-01T18:51:34.175077+00:00 [queued]>
[2025-10-01 18:52:39,954] {taskinstance.py:1356} INFO - 
--------------------------------------------------------------------------------
[2025-10-01 18:52:39,954] {taskinstance.py:1357} INFO - Starting attempt 1 of 1
[2025-10-01 18:52:39,955] {taskinstance.py:1358} INFO - 
--------------------------------------------------------------------------------
[2025-10-01 18:52:39,959] {taskinstance.py:1377} INFO - Executing <Task(PythonOperator): data_validation> on 2025-10-01 18:51:34.175077+00:00
[2025-10-01 18:52:39,962] {standard_task_runner.py:52} INFO - Started process 365 to run task
[2025-10-01 18:52:39,964] {standard_task_runner.py:79} INFO - Running: ['***', 'tasks', 'run', 'manga_prediction_pipeline', 'data_validation', 'manual__2025-10-01T18:51:34.175077+00:00', '--job-id', '442', '--raw', '--subdir', 'DAGS_FOLDER/manga_prediction_pipeline.py', '--cfg-path', '/tmp/tmpbzl14tsz', '--error-file', '/tmp/tmpma7k44b7']
[2025-10-01 18:52:39,964] {standard_task_runner.py:80} INFO - Job 442: Subtask data_validation
[2025-10-01 18:52:39,985] {task_command.py:370} INFO - Running <TaskInstance: manga_prediction_pipeline.data_validation manual__2025-10-01T18:51:34.175077+00:00 [running]> on host 475f6409a430
[2025-10-01 18:52:40,009] {taskinstance.py:1571} INFO - Exporting the following env vars:
AIRFLOW_CTX_DAG_OWNER=***
AIRFLOW_CTX_DAG_ID=manga_prediction_pipeline
AIRFLOW_CTX_TASK_ID=data_validation
AIRFLOW_CTX_EXECUTION_DATE=2025-10-01T18:51:34.175077+00:00
AIRFLOW_CTX_TRY_NUMBER=1
AIRFLOW_CTX_DAG_RUN_ID=manual__2025-10-01T18:51:34.175077+00:00
[2025-10-01 18:52:40,026] {authentication.py:66} INFO - package: mysql.connector.plugins
[2025-10-01 18:52:40,026] {authentication.py:67} INFO - plugin_name: mysql_native_password
[2025-10-01 18:52:40,027] {authentication.py:71} INFO - AUTHENTICATION_PLUGIN_CLASS: MySQLNativePasswordAuthPlugin
[2025-10-01 18:52:40,027] {data_validation.py:36} INFO - Connected to MariaDB. Validating table: manga_processed
[2025-10-01 18:52:40,028] {data_validation.py:240} ERROR - Error processing data: Execution failed on sql 'SELECT * FROM manga_processed': 1146 (42S02): Table 'manga_db.manga_processed' doesn't exist
[2025-10-01 18:52:40,028] {data_validation.py:247} INFO - MariaDB connection closed.
[2025-10-01 18:52:40,029] {taskinstance.py:1889} ERROR - Task failed with exception
Traceback (most recent call last):
  File "/home/airflow/.local/lib/python3.7/site-packages/pandas/io/sql.py", line 2056, in execute
    cur.execute(*args, **kwargs)
  File "/home/airflow/.local/lib/python3.7/site-packages/mysql/connector/cursor.py", line 615, in execute
    self._handle_result(self._connection.cmd_query(stmt))
  File "/home/airflow/.local/lib/python3.7/site-packages/mysql/connector/connection.py", line 1046, in cmd_query
    result = self._handle_result(self._send_cmd(ServerCmd.QUERY, query))
  File "/home/airflow/.local/lib/python3.7/site-packages/mysql/connector/connection.py", line 824, in _handle_result
    raise get_exception(packet)
mysql.connector.errors.ProgrammingError: 1146 (42S02): Table 'manga_db.manga_processed' doesn't exist

The above exception was the direct cause of the following exception:

Traceback (most recent call last):
  File "/home/airflow/.local/lib/python3.7/site-packages/airflow/operators/python.py", line 171, in execute
    return_value = self.execute_callable()
  File "/home/airflow/.local/lib/python3.7/site-packages/airflow/operators/python.py", line 189, in execute_callable
    return self.python_callable(*self.op_args, **self.op_kwargs)
  File "/opt/airflow/dags/manga_prediction_pipeline.py", line 37, in _validate_processed_data
    validate_data(table_name='manga_processed')
  File "/opt/airflow/src/data_validation.py", line 39, in validate_data
    df = pd.read_sql(f"SELECT * FROM {table_name}", conn)
  File "/home/airflow/.local/lib/python3.7/site-packages/pandas/io/sql.py", line 608, in read_sql
    chunksize=chunksize,
  File "/home/airflow/.local/lib/python3.7/site-packages/pandas/io/sql.py", line 2116, in read_query
    cursor = self.execute(*args)
  File "/home/airflow/.local/lib/python3.7/site-packages/pandas/io/sql.py", line 2068, in execute
    raise ex from exc
pandas.io.sql.DatabaseError: Execution failed on sql 'SELECT * FROM manga_processed': 1146 (42S02): Table 'manga_db.manga_processed' doesn't exist
[2025-10-01 18:52:40,036] {taskinstance.py:1400} INFO - Marking task as FAILED. dag_id=manga_prediction_pipeline, task_id=data_validation, execution_date=20251001T185134, start_date=20251001T185239, end_date=20251001T185240
[2025-10-01 18:52:40,041] {standard_task_runner.py:97} ERROR - Failed to execute job 442 for task data_validation (Execution failed on sql 'SELECT * FROM manga_processed': 1146 (42S02): Table 'manga_db.manga_processed' doesn't exist; 365)
[2025-10-01 18:52:40,064] {local_task_job.py:156} INFO - Task exited with return code 1
[2025-10-01 18:52:40,079] {local_task_job.py:273} INFO - 0 downstream tasks scheduled from follow-on schedule check
