[2025-09-25 02:38:17,412] {taskinstance.py:1159} INFO - Dependencies all met for <TaskInstance: manga_prediction_pipeline.model_evaluation manual__2025-09-25T02:38:06.874295+00:00 [queued]>
[2025-09-25 02:38:17,415] {taskinstance.py:1159} INFO - Dependencies all met for <TaskInstance: manga_prediction_pipeline.model_evaluation manual__2025-09-25T02:38:06.874295+00:00 [queued]>
[2025-09-25 02:38:17,415] {taskinstance.py:1356} INFO - 
--------------------------------------------------------------------------------
[2025-09-25 02:38:17,415] {taskinstance.py:1357} INFO - Starting attempt 1 of 1
[2025-09-25 02:38:17,415] {taskinstance.py:1358} INFO - 
--------------------------------------------------------------------------------
[2025-09-25 02:38:17,420] {taskinstance.py:1377} INFO - Executing <Task(PythonOperator): model_evaluation> on 2025-09-25 02:38:06.874295+00:00
[2025-09-25 02:38:17,423] {standard_task_runner.py:52} INFO - Started process 733 to run task
[2025-09-25 02:38:17,424] {standard_task_runner.py:79} INFO - Running: ['***', 'tasks', 'run', 'manga_prediction_pipeline', 'model_evaluation', 'manual__2025-09-25T02:38:06.874295+00:00', '--job-id', '70', '--raw', '--subdir', 'DAGS_FOLDER/manga_prediction_pipeline.py', '--cfg-path', '/tmp/tmp73wkldss', '--error-file', '/tmp/tmp9w3ia5wu']
[2025-09-25 02:38:17,424] {standard_task_runner.py:80} INFO - Job 70: Subtask model_evaluation
[2025-09-25 02:38:17,446] {task_command.py:370} INFO - Running <TaskInstance: manga_prediction_pipeline.model_evaluation manual__2025-09-25T02:38:06.874295+00:00 [running]> on host 6afc1fdecefc
[2025-09-25 02:38:17,471] {taskinstance.py:1571} INFO - Exporting the following env vars:
AIRFLOW_CTX_DAG_OWNER=***
AIRFLOW_CTX_DAG_ID=manga_prediction_pipeline
AIRFLOW_CTX_TASK_ID=model_evaluation
AIRFLOW_CTX_EXECUTION_DATE=2025-09-25T02:38:06.874295+00:00
AIRFLOW_CTX_TRY_NUMBER=1
AIRFLOW_CTX_DAG_RUN_ID=manual__2025-09-25T02:38:06.874295+00:00
[2025-09-25 02:38:17,472] {logging_mixin.py:115} INFO - Reading feature-engineered data from /opt/***/data/features/manga_features.parquet for evaluation split
[2025-09-25 02:38:17,512] {logging_mixin.py:115} INFO - X_test shape: (3128, 11), y_test shape: (3128,)
[2025-09-25 02:38:17,531] {logging_mixin.py:115} WARNING - 2025/09/25 02:38:17 WARNING mlflow.utils.git_utils: Failed to import Git (the Git executable is probably not on your PATH), so Git SHA is not available. Error: Failed to initialize: Bad git executable.
The git executable must be specified in one of the following ways:
    - be included in your $PATH
    - be set via $GIT_PYTHON_GIT_EXECUTABLE
    - explicitly set via git.refresh(<full-path-to-git-executable>)

All git commands will error until this is rectified.

This initial message can be silenced or aggravated in the future by setting the
$GIT_PYTHON_REFRESH environment variable. Use one of the following values:
    - quiet|q|silence|s|silent|none|n|0: for no message or exception
    - warn|w|warning|log|l|1: for a warning message (logging level CRITICAL, displayed by default)
    - error|e|exception|raise|r|2: for a raised exception

Example:
    export GIT_PYTHON_REFRESH=quiet
[2025-09-25 02:38:17,539] {taskinstance.py:1889} ERROR - Task failed with exception
Traceback (most recent call last):
  File "/home/airflow/.local/lib/python3.7/site-packages/airflow/operators/python.py", line 171, in execute
    return_value = self.execute_callable()
  File "/home/airflow/.local/lib/python3.7/site-packages/airflow/operators/python.py", line 189, in execute_callable
    return self.python_callable(*self.op_args, **self.op_kwargs)
  File "/opt/airflow/src/model_evaluation.py", line 46, in model_evaluation
    raise Exception("No model found from previous training run. Please ensure model_training task ran successfully.")
Exception: No model found from previous training run. Please ensure model_training task ran successfully.
[2025-09-25 02:38:17,543] {taskinstance.py:1400} INFO - Marking task as FAILED. dag_id=manga_prediction_pipeline, task_id=model_evaluation, execution_date=20250925T023806, start_date=20250925T023817, end_date=20250925T023817
[2025-09-25 02:38:17,547] {standard_task_runner.py:97} ERROR - Failed to execute job 70 for task model_evaluation (No model found from previous training run. Please ensure model_training task ran successfully.; 733)
[2025-09-25 02:38:17,563] {local_task_job.py:156} INFO - Task exited with return code 1
[2025-09-25 02:38:17,577] {local_task_job.py:273} INFO - 0 downstream tasks scheduled from follow-on schedule check
